#
# A fatal error has been detected by the Java Runtime Environment:
#
#  Internal Error (javaClasses.cpp:136), pid=4884, tid=4128
#  fatal error: Invalid layout of preloaded class
#
# JRE version:  (7.0_51-b13) (build )
# Java VM: Java HotSpot(TM) Client VM (24.51-b03 mixed mode windows-x86 )
# Failed to write core dump. Minidumps are not enabled by default on client versions of Windows
#
# If you would like to submit a bug report, please visit:
#   http://bugreport.sun.com/bugreport/crash.jsp
#

---------------  T H R E A D  ---------------

Current thread (0x0179bc00):  JavaThread "Unknown thread" [_thread_in_vm, id=4128, stack(0x017e0000,0x01830000)]

Stack: [0x017e0000,0x01830000],  sp=0x0182fa34,  free space=318k
Native frames: (J=compiled Java code, j=interpreted, Vv=VM code, C=native code)
V  [jvm.dll+0x18e0f1]
V  [jvm.dll+0x187e66]
V  [jvm.dll+0x3586a]
V  [jvm.dll+0x358f6]
V  [jvm.dll+0x4400d]
V  [jvm.dll+0x442be]
V  [jvm.dll+0x9263a]
V  [jvm.dll+0x929eb]
V  [jvm.dll+0x13dc51]
V  [jvm.dll+0x16076c]
V  [jvm.dll+0xc8ebf]
C  [javaw.exe+0x13ce]
C  [javaw.exe+0x1e40]
C  [javaw.exe+0xa5b1]
C  [javaw.exe+0xa63b]
C  [KERNEL32.DLL+0x17ad]
C  [ntdll.dll+0x53af4]
C  [ntdll.dll+0x53acd]


---------------  P R O C E S S  ---------------

Java Threads: ( => current thread )

Other Threads:

=>0x0179bc00 (exited) JavaThread "Unknown thread" [_thread_in_vm, id=4128, stack(0x017e0000,0x01830000)]

VM state:not at safepoint (not fully initialized)

VM Mutex/Monitor currently owned by a thread: None

GC Heap History (0 events):
No events

Deoptimization events (0 events):
No events

Internal exceptions (0 events):
No events

Events (10 events):
Event: 0.063 loading class 0x0192ab10 done
Event: 0.064 loading class 0x0192a5a0 done
Event: 0.064 loading class 0x0192a580
Event: 0.065 loading class 0x019318a8
Event: 0.066 loading class 0x019318a8 done
Event: 0.066 loading class 0x019318d8
Event: 0.067 loading class 0x019318d8 done
Event: 0.067 loading class 0x01931908
Event: 0.067 loading class 0x01931908 done
Event: 0.068 loading class 0x0192a580 done


Dynamic libraries:
0x001e0000 - 0x0020f000 	C:\Program Files\Java\jre7\bin\javaw.exe
0x77c50000 - 0x77db5000 	C:\Windows\SYSTEM32\ntdll.dll
0x76040000 - 0x76139000 	C:\Windows\system32\KERNEL32.DLL
0x759c0000 - 0x75a92000 	C:\Windows\system32\KERNELBASE.dll
0x74680000 - 0x74719000 	C:\Windows\system32\apphelp.dll
0x58120000 - 0x58379000 	C:\Windows\AppPatch\AcGenral.DLL
0x75d20000 - 0x75dde000 	C:\Windows\system32\msvcrt.dll
0x75aa0000 - 0x75ade000 	C:\Windows\SYSTEM32\sechost.dll
0x75530000 - 0x75552000 	C:\Windows\SYSTEM32\SspiCli.dll
0x75b10000 - 0x75b51000 	C:\Windows\system32\SHLWAPI.dll
0x74760000 - 0x74841000 	C:\Windows\SYSTEM32\UxTheme.dll
0x77710000 - 0x7785b000 	C:\Windows\system32\USER32.dll
0x77860000 - 0x7796a000 	C:\Windows\system32\GDI32.dll
0x68200000 - 0x68220000 	C:\Windows\SYSTEM32\WINMM.dll
0x6fa80000 - 0x6fa92000 	C:\Windows\SYSTEM32\samcli.dll
0x774b0000 - 0x775bc000 	C:\Windows\system32\ole32.dll
0x75f30000 - 0x75fb7000 	C:\Windows\system32\OLEAUT32.dll
0x58100000 - 0x58115000 	C:\Windows\SYSTEM32\MSACM32.dll
0x6f640000 - 0x6f648000 	C:\Windows\SYSTEM32\VERSION.dll
0x76140000 - 0x772ed000 	C:\Windows\system32\SHELL32.dll
0x74ee0000 - 0x74ef9000 	C:\Windows\SYSTEM32\USERENV.dll
0x740b0000 - 0x740c8000 	C:\Windows\SYSTEM32\dwmapi.dll
0x701c0000 - 0x702e2000 	C:\Windows\SYSTEM32\urlmon.dll
0x75fc0000 - 0x76038000 	C:\Windows\system32\ADVAPI32.dll
0x66550000 - 0x665ae000 	C:\Windows\SYSTEM32\WINSPOOL.DRV
0x64530000 - 0x64544000 	C:\Windows\SYSTEM32\MPR.dll
0x75c00000 - 0x75cc4000 	C:\Windows\system32\RPCRT4.dll
0x77b00000 - 0x77c4e000 	C:\Windows\SYSTEM32\combase.dll
0x68060000 - 0x68080000 	C:\Windows\SYSTEM32\WINMMBASE.dll
0x756b0000 - 0x756be000 	C:\Windows\SYSTEM32\profapi.dll
0x6ffa0000 - 0x701b9000 	C:\Windows\SYSTEM32\iertutil.dll
0x6fde0000 - 0x6ff9d000 	C:\Windows\SYSTEM32\WININET.dll
0x75980000 - 0x759ba000 	C:\Windows\SYSTEM32\cfgmgr32.dll
0x74890000 - 0x748af000 	C:\Windows\SYSTEM32\DEVOBJ.dll
0x77a70000 - 0x77ae6000 	C:\Windows\system32\SHCORE.DLL
0x75ae0000 - 0x75b05000 	C:\Windows\system32\IMM32.DLL
0x77970000 - 0x77a67000 	C:\Windows\system32\MSCTF.dll
0x73b30000 - 0x73d16000 	C:\Windows\WinSxS\x86_microsoft.windows.common-controls_6595b64144ccf1df_6.0.9600.17031_none_a9efdb8b01377ea7\COMCTL32.dll
0x63960000 - 0x63a1f000 	C:\Program Files\Java\jre7\bin\msvcr100.dll
0x5b590000 - 0x5b910000 	C:\Program Files\Java\jre7\bin\client\jvm.dll
0x715b0000 - 0x715b8000 	C:\Windows\SYSTEM32\WSOCK32.dll
0x77af0000 - 0x77af6000 	C:\Windows\system32\PSAPI.DLL
0x775e0000 - 0x7762d000 	C:\Windows\system32\WS2_32.dll
0x774a0000 - 0x774a7000 	C:\Windows\system32\NSI.dll
0x718b0000 - 0x718bc000 	C:\Program Files\Java\jre7\bin\verify.dll
0x71270000 - 0x71290000 	C:\Program Files\Java\jre7\bin\java.dll
0x71210000 - 0x71223000 	C:\Program Files\Java\jre7\bin\zip.dll
0x71a00000 - 0x71b48000 	C:\Windows\SYSTEM32\dbghelp.dll

VM Arguments:
jvm_args: -ea -Dfile.encoding=Cp1252 -Xbootclasspath:D:\adt-bundle-windows-x86-20131030\sdk\platforms\android-19\android.jar 
java_command: org.eclipse.jdt.internal.junit.runner.RemoteTestRunner -version 3 -port 53141 -testLoaderClass org.eclipse.jdt.internal.junit.runner.junit3.JUnit3TestLoader -loaderpluginname org.eclipse.jdt.junit.runtime -classNames com.cs2114.bomberman3.MapTest
Launcher Type: SUN_STANDARD

Environment Variables:
PATH=C:/Program Files/Java/jre7/bin/client;C:/Program Files/Java/jre7/bin;C:/Program Files/Java/jre7/lib/i386;C:\Program Files\Intel\TXE Components\TCS\;C:\Windows\system32;C:\Windows;C:\Windows\System32\Wbem;C:\Windows\System32\WindowsPowerShell\v1.0\;C:\Program Files\Intel\TXE Components\DAL\;C:\Program Files\Intel\TXE Components\IPT\;D:\adt-bundle-windows-x86-20131030\eclipse;
USERNAME=Aska192
OS=Windows_NT
PROCESSOR_IDENTIFIER=x86 Family 6 Model 55 Stepping 3, GenuineIntel



---------------  S Y S T E M  ---------------

OS: Windows 8 Build 9200 

CPU:total 4 (4 cores per cpu, 1 threads per core) family 6 model 55 stepping 3, cmov, cx8, fxsr, mmx, sse, sse2, sse3, ssse3, sse4.1, sse4.2, popcnt, aes, erms, tsc, tscinvbit

Memory: 4k page, physical 1979756k(184296k free), swap 3467964k(749328k free)

vm_info: Java HotSpot(TM) Client VM (24.51-b03) for windows-x86 JRE (1.7.0_51-b13), built on Dec 18 2013 19:09:58 by "java_re" with unknown MS VC++:1600

time: Wed May 07 20:13:43 2014
elapsed time: 0 seconds

